000 (5281942.000.000) 2024-06-08 18:37:18 Job submitted from host: <155.37.253.48:9618?addrs=155.37.253.48-9618&alias=accesspoint.nmrbox.org&noUDP&sock=schedd_1883_28ec>
...
001 (5281942.000.000) 2024-06-08 18:37:21 Job executing on host: <155.37.253.93:9618?addrs=155.37.253.93-9618&alias=tin.nmrbox.org&noUDP&sock=startd_14845_0383>
	SlotName: slot1_2@tin.nmrbox.org
	AvailableGPUs = { GPUs_GPU_9978a044 }
	CondorScratchDir = "/var/lib/condor/execute/dir_4628"
	Cpus = 40
	Disk = 4222365
	GPUs = 1
	GPUs_GPU_9978a044 = [ GlobalMemoryMb = 40377; MaxSupportedVersion = 12010; DriverVersion = 12.1; DeviceUuid = "9978a044-6fe4-5735-1d70-ab5c955f3cdd"; DeviceName = "NVIDIA A100-PCIE-40GB"; CoresPerCU = 64; ECCEnabled = true; ComputeUnits = 108; ClockMhz = 1410.0; Id = "GPU-9978a044"; DevicePciBusId = "0000:25:00.0"; Capability = 8.0 ]
	Memory = 262144
...
006 (5281942.000.000) 2024-06-08 18:37:30 Image size of job updated: 2624772
	2564  -  MemoryUsage of job (MB)
	2624772  -  ResidentSetSize of job (KB)
...
006 (5281942.000.000) 2024-06-08 18:42:31 Image size of job updated: 10647320
	10398  -  MemoryUsage of job (MB)
	10647320  -  ResidentSetSize of job (KB)
...
006 (5281942.000.000) 2024-06-08 18:47:31 Image size of job updated: 10661368
	10412  -  MemoryUsage of job (MB)
	10661368  -  ResidentSetSize of job (KB)
...
006 (5281942.000.000) 2024-06-08 18:57:32 Image size of job updated: 10661892
	10413  -  MemoryUsage of job (MB)
	10661892  -  ResidentSetSize of job (KB)
...
006 (5281942.000.000) 2024-06-08 19:02:32 Image size of job updated: 10662292
	10413  -  MemoryUsage of job (MB)
	10662292  -  ResidentSetSize of job (KB)
...
006 (5281942.000.000) 2024-06-08 19:12:33 Image size of job updated: 10662712
	10413  -  MemoryUsage of job (MB)
	10662712  -  ResidentSetSize of job (KB)
...
006 (5281942.000.000) 2024-06-08 19:17:34 Image size of job updated: 10663368
	10414  -  MemoryUsage of job (MB)
	10663368  -  ResidentSetSize of job (KB)
...
006 (5281942.000.000) 2024-06-08 19:27:35 Image size of job updated: 10663372
	10414  -  MemoryUsage of job (MB)
	10663372  -  ResidentSetSize of job (KB)
...
006 (5281942.000.000) 2024-06-08 19:37:36 Image size of job updated: 10664496
	10415  -  MemoryUsage of job (MB)
	10664496  -  ResidentSetSize of job (KB)
...
006 (5281942.000.000) 2024-06-08 19:42:36 Image size of job updated: 10664856
	10415  -  MemoryUsage of job (MB)
	10664856  -  ResidentSetSize of job (KB)
...
006 (5281942.000.000) 2024-06-08 19:57:38 Image size of job updated: 10664864
	10415  -  MemoryUsage of job (MB)
	10664864  -  ResidentSetSize of job (KB)
...
006 (5281942.000.000) 2024-06-08 20:37:42 Image size of job updated: 10665188
	10416  -  MemoryUsage of job (MB)
	10665188  -  ResidentSetSize of job (KB)
...
006 (5281942.000.000) 2024-06-08 23:58:02 Image size of job updated: 10665896
	10416  -  MemoryUsage of job (MB)
	10665896  -  ResidentSetSize of job (KB)
...
006 (5281942.000.000) 2024-06-09 00:08:03 Image size of job updated: 10666364
	10417  -  MemoryUsage of job (MB)
	10666364  -  ResidentSetSize of job (KB)
...
006 (5281942.000.000) 2024-06-09 00:13:03 Image size of job updated: 10666464
	10417  -  MemoryUsage of job (MB)
	10666464  -  ResidentSetSize of job (KB)
...
006 (5281942.000.000) 2024-06-09 00:28:05 Image size of job updated: 10666744
	10417  -  MemoryUsage of job (MB)
	10666744  -  ResidentSetSize of job (KB)
...
006 (5281942.000.000) 2024-06-09 00:38:07 Image size of job updated: 10667380
	10418  -  MemoryUsage of job (MB)
	10667380  -  ResidentSetSize of job (KB)
...
006 (5281942.000.000) 2024-06-09 00:43:07 Image size of job updated: 10667760
	10418  -  MemoryUsage of job (MB)
	10667760  -  ResidentSetSize of job (KB)
...
006 (5281942.000.000) 2024-06-09 03:18:22 Image size of job updated: 10667872
	10418  -  MemoryUsage of job (MB)
	10667872  -  ResidentSetSize of job (KB)
...
006 (5281942.000.000) 2024-06-09 05:18:35 Image size of job updated: 10668012
	10418  -  MemoryUsage of job (MB)
	10668012  -  ResidentSetSize of job (KB)
...
006 (5281942.000.000) 2024-06-09 05:23:37 Image size of job updated: 10668132
	10419  -  MemoryUsage of job (MB)
	10668132  -  ResidentSetSize of job (KB)
...
006 (5281942.000.000) 2024-06-09 07:03:48 Image size of job updated: 10668140
	10419  -  MemoryUsage of job (MB)
	10668140  -  ResidentSetSize of job (KB)
...
006 (5281942.000.000) 2024-06-09 08:13:55 Image size of job updated: 10668364
	10419  -  MemoryUsage of job (MB)
	10668364  -  ResidentSetSize of job (KB)
...
006 (5281942.000.000) 2024-06-09 10:29:09 Image size of job updated: 10668428
	10419  -  MemoryUsage of job (MB)
	10668428  -  ResidentSetSize of job (KB)
...
004 (5281942.000.000) 2024-06-09 17:11:12 Job was evicted.
	(0) CPU times
		Usr 0 22:34:43, Sys 0 00:01:48  -  Run Remote Usage
		Usr 0 00:00:00, Sys 0 00:00:00  -  Run Local Usage
	0  -  Run Bytes Sent By Job
	0  -  Run Bytes Received By Job
	Partitionable Resources :    Usage  Request Allocated Assigned
	   Cpus                 :     1.00       40        40 
	   Disk (KB)            :  7500     4194304   4222365 
	   Gpus (Average)       :     0.01        1         1 "GPU-9978a044"
	   GpusMemory (MB)      :  3410                       
	   Memory (MB)          : 10419      262144    262144 
	   TimeExecute (s)      : 81232                       
	   TimeSlotBusy (s)     : 81232                       
...
009 (5281942.000.000) 2024-06-09 17:11:12 Job was aborted.
	via condor_rm (by user anyang)
...
000 (5281960.000.000) 2024-06-09 17:59:51 Job submitted from host: <155.37.253.48:9618?addrs=155.37.253.48-9618&alias=accesspoint.nmrbox.org&noUDP&sock=schedd_1883_28ec>
...
001 (5281960.000.000) 2024-06-09 17:59:54 Job executing on host: <155.37.253.83:9618?addrs=155.37.253.83-9618&alias=compute-5.bmrb.io&noUDP&sock=startd_69599_b417>
	SlotName: slot1_1@compute-5.bmrb.io
	AvailableGPUs = { GPUs_GPU_5f69ecb5 }
	CondorScratchDir = "/var/lib/condor/execute/dir_86450"
	Cpus = 32
	Disk = 4228234
	GPUs = 1
	GPUs_GPU_5f69ecb5 = [ GlobalMemoryMb = 81090; MaxSupportedVersion = 12010; DriverVersion = 12.1; DeviceUuid = "5f69ecb5-e04a-1ed4-cbbb-b5c0bce8ac59"; DeviceName = "NVIDIA H100 PCIe"; CoresPerCU = 128; ECCEnabled = true; ComputeUnits = 114; ClockMhz = 1755.0; Id = "GPU-5f69ecb5"; DevicePciBusId = "0000:25:00.0"; Capability = 9.0 ]
	Memory = 262144
...
006 (5281960.000.000) 2024-06-09 18:00:02 Image size of job updated: 5492244
	5364  -  MemoryUsage of job (MB)
	5492244  -  ResidentSetSize of job (KB)
...
006 (5281960.000.000) 2024-06-09 18:05:02 Image size of job updated: 8765260
	8560  -  MemoryUsage of job (MB)
	8765260  -  ResidentSetSize of job (KB)
...
006 (5281960.000.000) 2024-06-09 18:10:02 Image size of job updated: 8780144
	8575  -  MemoryUsage of job (MB)
	8780144  -  ResidentSetSize of job (KB)
...
006 (5281960.000.000) 2024-06-09 18:20:03 Image size of job updated: 8780344
	8575  -  MemoryUsage of job (MB)
	8780344  -  ResidentSetSize of job (KB)
...
006 (5281960.000.000) 2024-06-09 18:25:03 Image size of job updated: 8780800
	8575  -  MemoryUsage of job (MB)
	8780800  -  ResidentSetSize of job (KB)
...
006 (5281960.000.000) 2024-06-09 18:30:04 Image size of job updated: 8782048
	8577  -  MemoryUsage of job (MB)
	8782048  -  ResidentSetSize of job (KB)
...
006 (5281960.000.000) 2024-06-09 18:45:06 Image size of job updated: 8782296
	8577  -  MemoryUsage of job (MB)
	8782296  -  ResidentSetSize of job (KB)
...
006 (5281960.000.000) 2024-06-09 19:00:07 Image size of job updated: 8782752
	8577  -  MemoryUsage of job (MB)
	8782752  -  ResidentSetSize of job (KB)
...
006 (5281960.000.000) 2024-06-09 19:15:08 Image size of job updated: 8782932
	8578  -  MemoryUsage of job (MB)
	8782932  -  ResidentSetSize of job (KB)
...
006 (5281960.000.000) 2024-06-09 19:25:10 Image size of job updated: 8787308
	8582  -  MemoryUsage of job (MB)
	8787308  -  ResidentSetSize of job (KB)
...
004 (5281960.000.000) 2024-06-09 20:19:56 Job was evicted.
	(0) CPU times
		Usr 0 02:20:12, Sys 0 00:00:29  -  Run Remote Usage
		Usr 0 00:00:00, Sys 0 00:00:00  -  Run Local Usage
	0  -  Run Bytes Sent By Job
	0  -  Run Bytes Received By Job
	Partitionable Resources :    Usage  Request Allocated Assigned
	   Cpus                 :     1.00       32        32 
	   Disk (KB)            :  7500     4194304   4228234 
	   Gpus (Average)       :     0.02        1         1 "GPU-5f69ecb5"
	   GpusMemory (MB)      :  4277                       
	   Memory (MB)          :  8582      262144    262144 
	   TimeExecute (s)      :  8402                       
	   TimeSlotBusy (s)     :  8402                       
...
009 (5281960.000.000) 2024-06-09 20:19:56 Job was aborted.
	via condor_rm (by user anyang)
...
000 (5281963.000.000) 2024-06-09 20:29:10 Job submitted from host: <155.37.253.48:9618?addrs=155.37.253.48-9618&alias=accesspoint.nmrbox.org&noUDP&sock=schedd_1883_28ec>
...
001 (5281963.000.000) 2024-06-09 20:29:10 Job executing on host: <155.37.253.83:9618?addrs=155.37.253.83-9618&alias=compute-5.bmrb.io&noUDP&sock=startd_69599_b417>
	SlotName: slot1_1@compute-5.bmrb.io
	AvailableGPUs = { GPUs_GPU_5f69ecb5 }
	CondorScratchDir = "/var/lib/condor/execute/dir_8308"
	Cpus = 32
	Disk = 4228234
	GPUs = 1
	GPUs_GPU_5f69ecb5 = [ GlobalMemoryMb = 81090; MaxSupportedVersion = 12010; DriverVersion = 12.1; DeviceUuid = "5f69ecb5-e04a-1ed4-cbbb-b5c0bce8ac59"; DeviceName = "NVIDIA H100 PCIe"; CoresPerCU = 128; ECCEnabled = true; ComputeUnits = 114; ClockMhz = 1755.0; Id = "GPU-5f69ecb5"; DevicePciBusId = "0000:25:00.0"; Capability = 9.0 ]
	Memory = 262144
...
006 (5281963.000.000) 2024-06-09 20:29:19 Image size of job updated: 5639776
	5508  -  MemoryUsage of job (MB)
	5639776  -  ResidentSetSize of job (KB)
...
006 (5281963.000.000) 2024-06-09 20:34:20 Image size of job updated: 8786468
	8581  -  MemoryUsage of job (MB)
	8786468  -  ResidentSetSize of job (KB)
...
006 (5281963.000.000) 2024-06-09 21:24:25 Image size of job updated: 8786476
	8581  -  MemoryUsage of job (MB)
	8786476  -  ResidentSetSize of job (KB)
...
005 (5281963.000.000) 2024-06-09 22:24:37 Job terminated.
	(1) Normal termination (return value 0)
		Usr 0 02:01:20, Sys 0 00:00:59  -  Run Remote Usage
		Usr 0 00:00:00, Sys 0 00:00:00  -  Run Local Usage
		Usr 0 02:01:20, Sys 0 00:00:59  -  Total Remote Usage
		Usr 0 00:00:00, Sys 0 00:00:00  -  Total Local Usage
	0  -  Run Bytes Sent By Job
	0  -  Run Bytes Received By Job
	0  -  Total Bytes Sent By Job
	0  -  Total Bytes Received By Job
	Partitionable Resources :    Usage  Request Allocated Assigned
	   Cpus                 :     1.00       32        32 
	   Disk (KB)            :  7500     4194304   4228234 
	   Gpus (Average)       :     0.33        1         1 "GPU-5f69ecb5"
	   GpusMemory (MB)      :  4289                       
	   Memory (MB)          :  8581      262144    262144 
	   TimeExecute (s)      :  6926                       
	   TimeSlotBusy (s)     :  6927                       

	Job terminated of its own accord at 2024-06-10T02:24:36Z with exit-code 0.
...
000 (5281971.000.000) 2024-06-10 01:01:45 Job submitted from host: <155.37.253.48:9618?addrs=155.37.253.48-9618&alias=accesspoint.nmrbox.org&noUDP&sock=schedd_1883_28ec>
...
001 (5281971.000.000) 2024-06-10 01:01:47 Job executing on host: <155.37.253.87:9618?addrs=155.37.253.87-9618+[fde1-53ba-e9a0-de11-3d94-6c9a-cb4b-6781]-9618&alias=babbage.nmrbox.org&noUDP&sock=startd_32529_c44e>
	SlotName: slot1_3@babbage.nmrbox.org
	AvailableGPUs = { GPUs_GPU_5cf19d22 }
	CondorScratchDir = "/var/lib/condor/execute/dir_1693"
	Cpus = 32
	Disk = 4195328
	GPUs = 1
	GPUs_GPU_5cf19d22 = [ GlobalMemoryMb = 40377; MaxSupportedVersion = 12010; DriverVersion = 12.1; ComputeUnits = 108; ECCEnabled = true; DeviceUuid = "5cf19d22-e8bd-fab1-4f8a-5001504362e3"; DeviceName = "NVIDIA A100-SXM4-40GB"; CoresPerCU = 64; ClockMhz = 1410.0; DevicePciBusId = "0000:81:00.0"; Capability = 8.0; Id = "GPU-5cf19d22" ]
	Memory = 262144
...
006 (5281971.000.000) 2024-06-10 01:01:55 Image size of job updated: 4717176
	4607  -  MemoryUsage of job (MB)
	4717176  -  ResidentSetSize of job (KB)
...
006 (5281971.000.000) 2024-06-10 01:06:55 Image size of job updated: 7510680
	7335  -  MemoryUsage of job (MB)
	7510680  -  ResidentSetSize of job (KB)
...
006 (5281971.000.000) 2024-06-10 01:26:57 Image size of job updated: 7511512
	7336  -  MemoryUsage of job (MB)
	7511512  -  ResidentSetSize of job (KB)
...
006 (5281971.000.000) 2024-06-10 02:07:02 Image size of job updated: 7511576
	7336  -  MemoryUsage of job (MB)
	7511576  -  ResidentSetSize of job (KB)
...
006 (5281971.000.000) 2024-06-10 02:17:03 Image size of job updated: 7511836
	7336  -  MemoryUsage of job (MB)
	7511836  -  ResidentSetSize of job (KB)
...
006 (5281971.000.000) 2024-06-10 02:47:06 Image size of job updated: 7512268
	7337  -  MemoryUsage of job (MB)
	7512268  -  ResidentSetSize of job (KB)
...
006 (5281971.000.000) 2024-06-10 02:57:06 Image size of job updated: 7512432
	7337  -  MemoryUsage of job (MB)
	7512432  -  ResidentSetSize of job (KB)
...
006 (5281971.000.000) 2024-06-10 03:12:08 Image size of job updated: 7516756
	7341  -  MemoryUsage of job (MB)
	7516756  -  ResidentSetSize of job (KB)
...
006 (5281971.000.000) 2024-06-10 03:17:08 Image size of job updated: 7516832
	7341  -  MemoryUsage of job (MB)
	7516832  -  ResidentSetSize of job (KB)
...
006 (5281971.000.000) 2024-06-10 03:22:09 Image size of job updated: 7517120
	7341  -  MemoryUsage of job (MB)
	7517120  -  ResidentSetSize of job (KB)
...
006 (5281971.000.000) 2024-06-10 03:42:12 Image size of job updated: 7517180
	7341  -  MemoryUsage of job (MB)
	7517180  -  ResidentSetSize of job (KB)
...
006 (5281971.000.000) 2024-06-10 03:52:12 Image size of job updated: 7517196
	7342  -  MemoryUsage of job (MB)
	7517196  -  ResidentSetSize of job (KB)
...
006 (5281971.000.000) 2024-06-10 04:07:13 Image size of job updated: 7517360
	7342  -  MemoryUsage of job (MB)
	7517360  -  ResidentSetSize of job (KB)
...
006 (5281971.000.000) 2024-06-10 04:17:15 Image size of job updated: 7517428
	7342  -  MemoryUsage of job (MB)
	7517428  -  ResidentSetSize of job (KB)
...
005 (5281971.000.000) 2024-06-10 04:33:25 Job terminated.
	(1) Normal termination (return value 0)
		Usr 0 03:48:02, Sys 0 00:01:41  -  Run Remote Usage
		Usr 0 00:00:00, Sys 0 00:00:00  -  Run Local Usage
		Usr 0 03:48:02, Sys 0 00:01:41  -  Total Remote Usage
		Usr 0 00:00:00, Sys 0 00:00:00  -  Total Local Usage
	0  -  Run Bytes Sent By Job
	0  -  Run Bytes Received By Job
	0  -  Total Bytes Sent By Job
	0  -  Total Bytes Received By Job
	Partitionable Resources :    Usage  Request Allocated Assigned
	   Cpus                 :     1.00       32        32 
	   Disk (KB)            :  7500     4194304   4195328 
	   Gpus (Average)       :     0.39        1         1 "GPU-5cf19d22"
	   GpusMemory (MB)      :  5891                       
	   Memory (MB)          :  7342      262144    262144 
	   TimeExecute (s)      : 12698                       
	   TimeSlotBusy (s)     : 12699                       

	Job terminated of its own accord at 2024-06-10T08:33:25Z with exit-code 0.
...
